<?xml version="1.0" encoding="UTF-8"?>

<databaseChangeLog
        xmlns="http://www.liquibase.org/xml/ns/dbchangelog"
        xmlns:xsi="http://www.w3.org/2001/XMLSchema-instance"
        xsi:schemaLocation="http://www.liquibase.org/xml/ns/dbchangelog http://www.liquibase.org/xml/ns/dbchangelog/dbchangelog-4.2.xsd">

    <changeSet id="1" author="Alice">
        <createTable tableName="test_table">
            <column name="id" type="bigint(20)">
                <constraints primaryKey="true"/>
            </column>
        </createTable>
    </changeSet>

    <!-- Special handling of referenced table name needed, see https://bugs.launchpad.net/percona-toolkit/+bug/1393961 -->
    <!-- https://jira.percona.com/browse/PT-381 -->
    <changeSet id="2" author="Alice">
        <addColumn tableName="test_table">
            <column name="testColumn" type="bigint(20)">
                <constraints nullable="true"
                             foreignKeyName="fk_test_column"
                             references="test_table(id)"/>
            </column>
        </addColumn>
    </changeSet>
</databaseChangeLog>