<?xml version="1.0" encoding="UTF-8"?>

<databaseChangeLog
        xmlns="http://www.liquibase.org/xml/ns/dbchangelog"
        xmlns:xsi="http://www.w3.org/2001/XMLSchema-instance"
        xsi:schemaLocation="http://www.liquibase.org/xml/ns/dbchangelog http://www.liquibase.org/xml/ns/dbchangelog/dbchangelog-4.2.xsd">

    <changeSet id="1" author="Alice">
        <createTable tableName="person">
            <column name="id" type="varchar(255)">
                <constraints primaryKey="true"/>
            </column>
            <column name="parent" type="varchar(255)"/>
        </createTable>
    </changeSet>

    <!-- Special handling of referenced table name needed, see https://bugs.launchpad.net/percona-toolkit/+bug/1393961 -->
    <!-- https://jira.percona.com/browse/PT-381 -->
    <changeSet id="2" author="Alice">
        <addForeignKeyConstraint constraintName="fk_person_parent"
            referencedTableName="person" referencedColumnNames="id"
            baseTableName="person" baseColumnNames="parent"/>
    </changeSet>
</databaseChangeLog>