<?xml version="1.0" encoding="UTF-8"?>

<databaseChangeLog  
        xmlns="http://www.liquibase.org/xml/ns/dbchangelog"
        xmlns:xsi="http://www.w3.org/2001/XMLSchema-instance"
        xmlns:ext="http://www.liquibase.org/xml/ns/dbchangelog-ext"
        xmlns:liquibasePercona="http://www.liquibase.org/xml/ns/dbchangelog-ext/liquibase-percona"
        xsi:schemaLocation="
            http://www.liquibase.org/xml/ns/dbchangelog http://www.liquibase.org/xml/ns/dbchangelog/dbchangelog-4.2.xsd
            http://www.liquibase.org/xml/ns/dbchangelog-ext/liquibase-percona https://raw.githubusercontent.com/liquibase/liquibase-percona/liquibase-percona-2.0.0/src/main/resources/dbchangelog-ext-liquibase-percona.xsd">

    <changeSet id="1" author="Alice">
        <createTable tableName="person">
            <column name="name" type="varchar(255)">
                <constraints primaryKey="true"/>
            </column>
        </createTable>
    </changeSet>

    <changeSet id="2" author="Alice">
        <addColumn tableName="person" liquibasePercona:usePercona="false">
            <column name="address" type="varchar(255)"/>
        </addColumn>
    </changeSet>

    <changeSet id="3" author="Alice">
        <addColumn tableName="person" liquibasePercona:perconaOptions="--foo">
            <column name="email" type="varchar(255)"/>
        </addColumn>
    </changeSet>
</databaseChangeLog>