<?xml version="1.0" encoding="UTF-8"?>

<databaseChangeLog
        xmlns="http://www.liquibase.org/xml/ns/dbchangelog"
        xmlns:xsi="http://www.w3.org/2001/XMLSchema-instance"
        xsi:schemaLocation="http://www.liquibase.org/xml/ns/dbchangelog http://www.liquibase.org/xml/ns/dbchangelog/dbchangelog-4.2.xsd">

    <changeSet id="1" author="Alice">
        <createTable tableName="person">
            <column name="id" type="varchar(255)">
                <constraints primaryKey="true"/>
            </column>
            <column name="account_id" type="varchar(255)" />
        </createTable>
    </changeSet>

    <changeSet id="2" author="Alice">
        <createTable tableName="address">
            <column name="id" type="varchar(255)">
                <constraints primaryKey="true"/>
            </column>
            <column name="person_id" type="varchar(255)"/>
            <column name="street" type="varchar(255)"/>
        </createTable>
    </changeSet>

    <changeSet id="3" author="Alice">
        <createTable tableName="account">
            <column name="id" type="varchar(255)">
                <constraints primaryKey="true"/>
            </column>
            <column name="number" type="varchar(255)"/>
        </createTable>
    </changeSet>

    <changeSet id="4" author="Alice">
        <addForeignKeyConstraint constraintName="FK_1"
            baseTableName="address" baseColumnNames="person_id"
            deferrable="false" initiallyDeferred="false" onDelete="NO ACTION" onUpdate="NO ACTION"
            referencedTableName="person" referencedColumnNames="id"/>
    </changeSet>

    <changeSet id="5" author="Alice">
        <addForeignKeyConstraint constraintName="FK_2"
            baseTableName="person" baseColumnNames="account_id"
            deferrable="false" initiallyDeferred="false" onDelete="NO ACTION" onUpdate="NO ACTION"
            referencedTableName="account" referencedColumnNames="id"/>
    </changeSet>
</databaseChangeLog>