<?xml version="1.0" encoding="UTF-8"?>

<databaseChangeLog
        xmlns="http://www.liquibase.org/xml/ns/dbchangelog"
        xmlns:xsi="http://www.w3.org/2001/XMLSchema-instance"
        xsi:schemaLocation="http://www.liquibase.org/xml/ns/dbchangelog http://www.liquibase.org/xml/ns/dbchangelog/dbchangelog-4.2.xsd">

    <changeSet id="1" author="Alice">
        <createTable tableName="person">
            <column name="id" type="varchar(255)">
                <constraints primaryKey="true"/>
            </column>
        </createTable>
    </changeSet>

    <changeSet id="2" author="Alice">
        <createTable tableName="address">
            <column name="id" type="varchar(255)">
                <constraints primaryKey="true"/>
            </column>
            <column name="person_id" type="varchar(255)"/>
            <column name="street" type="varchar(255)"/>
        </createTable>
    </changeSet>

    <changeSet id="3" author="Alice">
        <addForeignKeyConstraint constraintName="fk_person_address"
            referencedTableName="person" referencedColumnNames="id"
            baseTableName="address" baseColumnNames="person_id"/>
    </changeSet>
</databaseChangeLog>