<?xml version="1.0" encoding="UTF-8"?>

<databaseChangeLog
        xmlns="http://www.liquibase.org/xml/ns/dbchangelog"
        xmlns:xsi="http://www.w3.org/2001/XMLSchema-instance"
        xsi:schemaLocation="http://www.liquibase.org/xml/ns/dbchangelog http://www.liquibase.org/xml/ns/dbchangelog/dbchangelog-4.2.xsd">

    <changeSet id="1" author="Alice">
        <createTable tableName="person">
            <column name="id" type="int">
                <constraints primaryKey="true"/>
            </column>
            <column name="firstName" type="varchar(255)" />
            <column name="lastName" type="varchar(255)" />
            <column name="email" type="varchar(255)"/>
        </createTable>
    </changeSet>

    <changeSet id="2" author="Alice">
        <createIndex indexName="personIdx" tableName="person" unique="true">
            <column name="firstName"/>
            <column name="lastName"/>
        </createIndex>
    </changeSet>
</databaseChangeLog>